[0.011s] Invoking command in '/root/data/ros2_ws/build/ionic_demo': CMAKE_PREFIX_PATH=${CMAKE_PREFIX_PATH}:/opt/ros/jazzy /usr/bin/cmake /root/data/ros2_ws/src/ionic_demo/ionic_demo -DCMAKE_INSTALL_PREFIX=/root/data/ros2_ws/install/ionic_demo
[0.146s] -- The C compiler identification is GNU 13.3.0
[0.195s] -- The CXX compiler identification is GNU 13.3.0
[0.210s] -- Detecting C compiler ABI info
[0.270s] -- Detecting C compiler ABI info - done
[0.277s] -- Check for working C compiler: /usr/bin/cc - skipped
[0.277s] -- Detecting C compile features
[0.277s] -- Detecting C compile features - done
[0.284s] -- Detecting CXX compiler ABI info
[0.357s] -- Detecting CXX compiler ABI info - done
[0.364s] -- Check for working CXX compiler: /usr/bin/c++ - skipped
[0.364s] -- Detecting CXX compile features
[0.365s] -- Detecting CXX compile features - done
[0.376s] -- Found ament_cmake: 2.5.4 (/opt/ros/jazzy/share/ament_cmake/cmake)
[0.514s] -- Found Python3: /usr/bin/python3 (found version "3.12.3") found components: Interpreter 
[0.652s] -- Found ament_lint_auto: 0.17.2 (/opt/ros/jazzy/share/ament_lint_auto/cmake)
[0.771s] -- Added test 'cppcheck' to perform static code analysis on C / C++ code
[0.771s] -- Configured cppcheck include dirs: 
[0.771s] -- Configured cppcheck exclude dirs and/or files: 
[0.772s] -- Added test 'flake8' to check Python code syntax and style conventions
[0.772s] -- Configured 'flake8' exclude dirs and/or files: 
[0.773s] -- Added test 'lint_cmake' to check CMake code style
[0.774s] -- Added test 'pep257' to check Python code against some of the docstring style conventions in PEP 257
[0.776s] -- Added test 'uncrustify' to check C / C++ code style
[0.776s] -- Configured uncrustify additional arguments: 
[0.777s] -- Added test 'xmllint' to check XML markup files
[0.779s] -- Configuring done (0.8s)
[0.781s] -- Generating done (0.0s)
[0.782s] -- Build files have been written to: /root/data/ros2_ws/build/ionic_demo
[0.786s] Invoked command in '/root/data/ros2_ws/build/ionic_demo' returned '0': CMAKE_PREFIX_PATH=${CMAKE_PREFIX_PATH}:/opt/ros/jazzy /usr/bin/cmake /root/data/ros2_ws/src/ionic_demo/ionic_demo -DCMAKE_INSTALL_PREFIX=/root/data/ros2_ws/install/ionic_demo
[0.787s] Invoking command in '/root/data/ros2_ws/build/ionic_demo': CMAKE_PREFIX_PATH=${CMAKE_PREFIX_PATH}:/opt/ros/jazzy /usr/bin/cmake --build /root/data/ros2_ws/build/ionic_demo -- -j20 -l20
[0.816s] Invoked command in '/root/data/ros2_ws/build/ionic_demo' returned '0': CMAKE_PREFIX_PATH=${CMAKE_PREFIX_PATH}:/opt/ros/jazzy /usr/bin/cmake --build /root/data/ros2_ws/build/ionic_demo -- -j20 -l20
[0.823s] Invoking command in '/root/data/ros2_ws/build/ionic_demo': CMAKE_PREFIX_PATH=${CMAKE_PREFIX_PATH}:/opt/ros/jazzy /usr/bin/cmake --install /root/data/ros2_ws/build/ionic_demo
[0.828s] -- Install configuration: ""
[0.828s] -- Installing: /root/data/ros2_ws/install/ionic_demo/share/ionic_demo/configs
[0.828s] -- Installing: /root/data/ros2_ws/install/ionic_demo/share/ionic_demo/configs/tb4_camera_bridge.yaml
[0.829s] -- Installing: /root/data/ros2_ws/install/ionic_demo/share/ionic_demo/configs/nav2.rviz
[0.829s] -- Installing: /root/data/ros2_ws/install/ionic_demo/share/ionic_demo/launch
[0.829s] -- Installing: /root/data/ros2_ws/install/ionic_demo/share/ionic_demo/launch/world_launch.py
[0.829s] -- Installing: /root/data/ros2_ws/install/ionic_demo/share/ionic_demo/launch/ionic_rmf_demo_launch.py
[0.829s] -- Installing: /root/data/ros2_ws/install/ionic_demo/share/ionic_demo/launch/tb4_spawn_launch.py
[0.829s] -- Installing: /root/data/ros2_ws/install/ionic_demo/share/ionic_demo/launch/ionic_moveit_demo_launch.py
[0.829s] -- Installing: /root/data/ros2_ws/install/ionic_demo/share/ionic_demo/launch/ionic_navigation_demo_launch.xml
[0.829s] -- Installing: /root/data/ros2_ws/install/ionic_demo/share/ionic_demo/launch/ionic_navigation_demo_launch.py
[0.829s] -- Installing: /root/data/ros2_ws/install/ionic_demo/share/ionic_demo/launch/tb4_spawn_launch.xml
[0.830s] -- Installing: /root/data/ros2_ws/install/ionic_demo/share/ionic_demo/launch/world_launch.xml
[0.830s] -- Installing: /root/data/ros2_ws/install/ionic_demo/share/ionic_demo/maps
[0.830s] -- Installing: /root/data/ros2_ws/install/ionic_demo/share/ionic_demo/maps/ionic_demo.yaml
[0.830s] -- Installing: /root/data/ros2_ws/install/ionic_demo/share/ionic_demo/maps/ionic_demo.pgm
[0.830s] -- Installing: /root/data/ros2_ws/install/ionic_demo/share/ionic_demo/worlds
[0.830s] -- Installing: /root/data/ros2_ws/install/ionic_demo/share/ionic_demo/worlds/ionic.sdf
[0.830s] -- Installing: /root/data/ros2_ws/install/ionic_demo/share/ionic_demo/models
[0.830s] -- Installing: /root/data/ros2_ws/install/ionic_demo/share/ionic_demo/models/ionic_tb4.urdf.xacro
[0.830s] -- Installing: /root/data/ros2_ws/install/ionic_demo/share/ionic_demo/models/test.urdf
[0.830s] -- Installing: /root/data/ros2_ws/install/ionic_demo/share/ionic_demo/rviz
[0.830s] -- Installing: /root/data/ros2_ws/install/ionic_demo/share/ionic_demo/rviz/nav2_default_view.rviz
[0.830s] -- Installing: /root/data/ros2_ws/install/ionic_demo/share/ionic_demo/params
[0.830s] -- Installing: /root/data/ros2_ws/install/ionic_demo/share/ionic_demo/params/nav2_params.yaml
[0.830s] -- Installing: /root/data/ros2_ws/install/ionic_demo/share/ionic_demo/environment/ionic_demo.dsv
[0.830s] -- Installing: /root/data/ros2_ws/install/ionic_demo/share/ament_index/resource_index/package_run_dependencies/ionic_demo
[0.830s] -- Installing: /root/data/ros2_ws/install/ionic_demo/share/ament_index/resource_index/parent_prefix_path/ionic_demo
[0.831s] -- Installing: /root/data/ros2_ws/install/ionic_demo/share/ionic_demo/environment/ament_prefix_path.sh
[0.831s] -- Installing: /root/data/ros2_ws/install/ionic_demo/share/ionic_demo/environment/ament_prefix_path.dsv
[0.831s] -- Installing: /root/data/ros2_ws/install/ionic_demo/share/ionic_demo/environment/path.sh
[0.831s] -- Installing: /root/data/ros2_ws/install/ionic_demo/share/ionic_demo/environment/path.dsv
[0.831s] -- Installing: /root/data/ros2_ws/install/ionic_demo/share/ionic_demo/local_setup.bash
[0.831s] -- Installing: /root/data/ros2_ws/install/ionic_demo/share/ionic_demo/local_setup.sh
[0.831s] -- Installing: /root/data/ros2_ws/install/ionic_demo/share/ionic_demo/local_setup.zsh
[0.831s] -- Installing: /root/data/ros2_ws/install/ionic_demo/share/ionic_demo/local_setup.dsv
[0.831s] -- Installing: /root/data/ros2_ws/install/ionic_demo/share/ionic_demo/package.dsv
[0.831s] -- Installing: /root/data/ros2_ws/install/ionic_demo/share/ament_index/resource_index/packages/ionic_demo
[0.831s] -- Installing: /root/data/ros2_ws/install/ionic_demo/share/ionic_demo/cmake/ionic_demoConfig.cmake
[0.831s] -- Installing: /root/data/ros2_ws/install/ionic_demo/share/ionic_demo/cmake/ionic_demoConfig-version.cmake
[0.831s] -- Installing: /root/data/ros2_ws/install/ionic_demo/share/ionic_demo/package.xml
[0.833s] Invoked command in '/root/data/ros2_ws/build/ionic_demo' returned '0': CMAKE_PREFIX_PATH=${CMAKE_PREFIX_PATH}:/opt/ros/jazzy /usr/bin/cmake --install /root/data/ros2_ws/build/ionic_demo
