[1.177s] Invoking command in '/root/data/ros2_ws/src/multirobot_spawn': PYTHONPATH=/root/data/ros2_ws/build/multirobot_spawn/prefix_override:/usr/lib/python3/dist-packages/colcon_core/task/python/colcon_distutils_commands:/root/data/ros2_ws/install/multirobot_spawn/lib/python3.12/site-packages:${PYTHONPATH} /usr/bin/python3 -W ignore:setup.py install is deprecated -W ignore:easy_install command is deprecated setup.py egg_info --egg-base ../../build/multirobot_spawn build --build-base /root/data/ros2_ws/build/multirobot_spawn/build install --record /root/data/ros2_ws/build/multirobot_spawn/install.log --single-version-externally-managed install_data
[1.479s] running egg_info
[1.496s] writing ../../build/multirobot_spawn/multirobot_spawn.egg-info/PKG-INFO
[1.497s] writing dependency_links to ../../build/multirobot_spawn/multirobot_spawn.egg-info/dependency_links.txt
[1.497s] writing requirements to ../../build/multirobot_spawn/multirobot_spawn.egg-info/requires.txt
[1.497s] writing top-level names to ../../build/multirobot_spawn/multirobot_spawn.egg-info/top_level.txt
[1.537s] reading manifest file '../../build/multirobot_spawn/multirobot_spawn.egg-info/SOURCES.txt'
[1.538s] writing manifest file '../../build/multirobot_spawn/multirobot_spawn.egg-info/SOURCES.txt'
[1.538s] running build
[1.538s] running build_py
[1.539s] running install
[1.546s] running install_lib
[1.568s] running install_data
[1.568s] copying launch/multi_robot_spawn.launch.py -> /root/data/ros2_ws/install/multirobot_spawn/share/multirobot_spawn/launch
[1.568s] running install_egg_info
[1.594s] removing '/root/data/ros2_ws/install/multirobot_spawn/lib/python3.12/site-packages/multirobot_spawn-0.0.1-py3.12.egg-info' (and everything under it)
[1.594s] Copying ../../build/multirobot_spawn/multirobot_spawn.egg-info to /root/data/ros2_ws/install/multirobot_spawn/lib/python3.12/site-packages/multirobot_spawn-0.0.1-py3.12.egg-info
[1.595s] running install_scripts
[1.743s] writing list of installed files to '/root/data/ros2_ws/build/multirobot_spawn/install.log'
[1.783s] Invoked command in '/root/data/ros2_ws/src/multirobot_spawn' returned '0': PYTHONPATH=/root/data/ros2_ws/build/multirobot_spawn/prefix_override:/usr/lib/python3/dist-packages/colcon_core/task/python/colcon_distutils_commands:/root/data/ros2_ws/install/multirobot_spawn/lib/python3.12/site-packages:${PYTHONPATH} /usr/bin/python3 -W ignore:setup.py install is deprecated -W ignore:easy_install command is deprecated setup.py egg_info --egg-base ../../build/multirobot_spawn build --build-base /root/data/ros2_ws/build/multirobot_spawn/build install --record /root/data/ros2_ws/build/multirobot_spawn/install.log --single-version-externally-managed install_data
