[1.042s] Invoking command in '/root/data/ros2_ws/src/spawn_osoyoo': PYTHONPATH=/root/data/ros2_ws/build/spawn_osoyoo/prefix_override:/usr/lib/python3/dist-packages/colcon_core/task/python/colcon_distutils_commands:/root/data/ros2_ws/install/spawn_osoyoo/lib/python3.12/site-packages:${PYTHONPATH} /usr/bin/python3 -W ignore:setup.py install is deprecated -W ignore:easy_install command is deprecated setup.py egg_info --egg-base ../../build/spawn_osoyoo build --build-base /root/data/ros2_ws/build/spawn_osoyoo/build install --record /root/data/ros2_ws/build/spawn_osoyoo/install.log --single-version-externally-managed install_data
[1.318s] running egg_info
[1.318s] creating ../../build/spawn_osoyoo/spawn_osoyoo.egg-info
[1.335s] writing ../../build/spawn_osoyoo/spawn_osoyoo.egg-info/PKG-INFO
[1.335s] writing dependency_links to ../../build/spawn_osoyoo/spawn_osoyoo.egg-info/dependency_links.txt
[1.336s] writing entry points to ../../build/spawn_osoyoo/spawn_osoyoo.egg-info/entry_points.txt
[1.336s] writing requirements to ../../build/spawn_osoyoo/spawn_osoyoo.egg-info/requires.txt
[1.336s] writing top-level names to ../../build/spawn_osoyoo/spawn_osoyoo.egg-info/top_level.txt
[1.336s] writing manifest file '../../build/spawn_osoyoo/spawn_osoyoo.egg-info/SOURCES.txt'
[1.372s] reading manifest file '../../build/spawn_osoyoo/spawn_osoyoo.egg-info/SOURCES.txt'
[1.373s] writing manifest file '../../build/spawn_osoyoo/spawn_osoyoo.egg-info/SOURCES.txt'
[1.373s] running build
[1.373s] running build_py
[1.373s] creating /root/data/ros2_ws/build/spawn_osoyoo/build
[1.373s] creating /root/data/ros2_ws/build/spawn_osoyoo/build/lib
[1.373s] creating /root/data/ros2_ws/build/spawn_osoyoo/build/lib/spawn_osoyoo
[1.373s] copying spawn_osoyoo/__init__.py -> /root/data/ros2_ws/build/spawn_osoyoo/build/lib/spawn_osoyoo
[1.373s] copying spawn_osoyoo/spawn_robot_node.py -> /root/data/ros2_ws/build/spawn_osoyoo/build/lib/spawn_osoyoo
[1.373s] running install
[1.381s] running install_lib
[1.398s] creating /root/data/ros2_ws/install/spawn_osoyoo/lib/python3.12/site-packages/spawn_osoyoo
[1.398s] copying /root/data/ros2_ws/build/spawn_osoyoo/build/lib/spawn_osoyoo/__init__.py -> /root/data/ros2_ws/install/spawn_osoyoo/lib/python3.12/site-packages/spawn_osoyoo
[1.398s] copying /root/data/ros2_ws/build/spawn_osoyoo/build/lib/spawn_osoyoo/spawn_robot_node.py -> /root/data/ros2_ws/install/spawn_osoyoo/lib/python3.12/site-packages/spawn_osoyoo
[1.399s] byte-compiling /root/data/ros2_ws/install/spawn_osoyoo/lib/python3.12/site-packages/spawn_osoyoo/__init__.py to __init__.cpython-312.pyc
[1.399s] byte-compiling /root/data/ros2_ws/install/spawn_osoyoo/lib/python3.12/site-packages/spawn_osoyoo/spawn_robot_node.py to spawn_robot_node.cpython-312.pyc
[1.399s] running install_data
[1.399s] creating /root/data/ros2_ws/install/spawn_osoyoo/share/ament_index
[1.399s] creating /root/data/ros2_ws/install/spawn_osoyoo/share/ament_index/resource_index
[1.399s] creating /root/data/ros2_ws/install/spawn_osoyoo/share/ament_index/resource_index/packages
[1.399s] copying resource/spawn_osoyoo -> /root/data/ros2_ws/install/spawn_osoyoo/share/ament_index/resource_index/packages
[1.399s] copying package.xml -> /root/data/ros2_ws/install/spawn_osoyoo/share/spawn_osoyoo
[1.399s] creating /root/data/ros2_ws/install/spawn_osoyoo/share/spawn_osoyoo/launch
[1.400s] copying launch/spawn_robots.launch.py -> /root/data/ros2_ws/install/spawn_osoyoo/share/spawn_osoyoo/launch
[1.400s] running install_egg_info
[1.419s] Copying ../../build/spawn_osoyoo/spawn_osoyoo.egg-info to /root/data/ros2_ws/install/spawn_osoyoo/lib/python3.12/site-packages/spawn_osoyoo-0.0.0-py3.12.egg-info
[1.419s] running install_scripts
[1.542s] Installing spawn_robot_node script to /root/data/ros2_ws/install/spawn_osoyoo/lib/spawn_osoyoo
[1.542s] writing list of installed files to '/root/data/ros2_ws/build/spawn_osoyoo/install.log'
[1.580s] Invoked command in '/root/data/ros2_ws/src/spawn_osoyoo' returned '0': PYTHONPATH=/root/data/ros2_ws/build/spawn_osoyoo/prefix_override:/usr/lib/python3/dist-packages/colcon_core/task/python/colcon_distutils_commands:/root/data/ros2_ws/install/spawn_osoyoo/lib/python3.12/site-packages:${PYTHONPATH} /usr/bin/python3 -W ignore:setup.py install is deprecated -W ignore:easy_install command is deprecated setup.py egg_info --egg-base ../../build/spawn_osoyoo build --build-base /root/data/ros2_ws/build/spawn_osoyoo/build install --record /root/data/ros2_ws/build/spawn_osoyoo/install.log --single-version-externally-managed install_data
