[0.137s] Invoking command in '/root/data/ros2_ws/build/pose_publisher_plugin': /usr/bin/cmake /root/data/ros2_ws/src/pose_publisher_plugin -DCMAKE_INSTALL_PREFIX=/root/data/ros2_ws/install/pose_publisher_plugin
[0.171s] -- The C compiler identification is GNU 13.3.0
[0.208s] -- The CXX compiler identification is GNU 13.3.0
[0.218s] -- Detecting C compiler ABI info
[0.274s] -- Detecting C compiler ABI info - done
[0.280s] -- Check for working C compiler: /usr/bin/cc - skipped
[0.280s] -- Detecting C compile features
[0.280s] -- Detecting C compile features - done
[0.286s] -- Detecting CXX compiler ABI info
[0.358s] -- Detecting CXX compiler ABI info - done
[0.366s] -- Check for working CXX compiler: /usr/bin/c++ - skipped
[0.366s] -- Detecting CXX compile features
[0.367s] -- Detecting CXX compile features - done
[0.368s] -- Looking for gz-sim8 -- found version 8.9.0
[0.375s] -- Searching for dependencies of gz-sim8
[0.376s] -- Looking for sdformat14 -- found version 14.7.0
[0.376s] -- Searching for dependencies of sdformat14
[0.380s] -- Checking for module 'tinyxml2'
[0.391s] --   Found tinyxml2, version 10.0.0
[0.418s] -- Looking for gz-math7 -- found version 7.5.2
[0.418s] -- Searching for dependencies of gz-math7
[0.420s] -- Looking for gz-utils2 -- found version 2.2.1
[0.420s] -- Searching for dependencies of gz-utils2
[0.421s] -- Looking for gz-utils2 -- found version 2.2.1
[0.421s] -- Searching for dependencies of gz-utils2
[0.421s] -- Searching for <gz-utils2> component [cli]
[0.423s] -- Looking for gz-utils2-cli -- found version 2.2.1
[0.423s] -- Searching for dependencies of gz-utils2-cli
[0.426s] -- Looking for gz-plugin2 -- found version 2.0.4
[0.426s] -- Searching for dependencies of gz-plugin2
[0.426s] -- Looking for gz-utils2 -- found version 2.2.1
[0.426s] -- Searching for <gz-plugin2> component [loader]
[0.428s] -- Looking for gz-plugin2-loader -- found version 2.0.4
[0.428s] -- Searching for dependencies of gz-plugin2-loader
[0.428s] -- Searching for <gz-plugin2> component [register]
[0.429s] -- Looking for gz-plugin2-register -- found version 2.0.4
[0.430s] -- Searching for dependencies of gz-plugin2-register
[0.431s] -- Looking for gz-transport13 -- found version 13.4.1
[0.431s] -- Searching for dependencies of gz-transport13
[0.525s] -- Found Protobuf: /usr/lib/x86_64-linux-gnu/libprotobuf.so (found version "3.21.12") 
[0.539s] -- Config-file not installed for ZeroMQ -- checking for pkg-config
[0.542s] -- Checking for module 'libzmq >= 4'
[0.552s] --   Found libzmq, version 4.3.5
[0.578s] -- Found ZeroMQ: TRUE (Required is at least version "4") 
[0.582s] -- Checking for module 'uuid'
[0.591s] --   Found uuid, version 2.39.3
[0.614s] -- Found UUID: TRUE  
[0.614s] -- Looking for gz-utils2 -- found version 2.2.1
[0.615s] -- Looking for gz-msgs10 -- found version 10.3.2
[0.616s] -- Searching for dependencies of gz-msgs10
[0.636s] -- Looking for gz-utils2 -- found version 2.2.1
[0.636s] -- Looking for gz-math7 -- found version 7.5.2
[0.768s] -- Found Python3: /usr/bin/python3 (found version "3.12.3") found components: Interpreter 
[0.770s] -- Searching for <gz-transport13> component [log]
[0.771s] -- Looking for gz-transport13-log -- found version 13.4.1
[0.772s] -- Searching for dependencies of gz-transport13-log
[0.772s] -- Searching for <gz-transport13> component [parameters]
[0.773s] -- Looking for gz-transport13-parameters -- found version 13.4.1
[0.773s] -- Searching for dependencies of gz-transport13-parameters
[0.774s] -- Looking for gz-msgs10 -- found version 10.3.2
[0.776s] -- Looking for gz-common5 -- found version 5.7.1
[0.776s] -- Searching for dependencies of gz-common5
[0.776s] -- Looking for gz-utils2 -- found version 2.2.1
[0.776s] -- Looking for dlfcn.h - found
[0.777s] -- Looking for libdl - found
[0.778s] -- Found DL: TRUE  
[0.783s] -- Searching for <gz-common5> component [av]
[0.785s] -- Looking for gz-common5-av -- found version 5.7.1
[0.785s] -- Searching for dependencies of gz-common5-av
[0.789s] -- Checking for module 'libswscale'
[0.798s] --   Found libswscale, version 7.5.100
[0.819s] -- Found SWSCALE: TRUE  
[0.823s] -- Checking for module 'libavdevice >= 56.4.100'
[0.833s] --   Found libavdevice, version 60.3.100
[0.863s] -- Found AVDEVICE: TRUE (Required is at least version "56.4.100") 
[0.866s] -- Checking for module 'libavformat'
[0.876s] --   Found libavformat, version 60.16.100
[0.900s] -- Found AVFORMAT: TRUE  
[0.903s] -- Checking for module 'libavcodec'
[0.914s] --   Found libavcodec, version 60.31.102
[0.938s] -- Found AVCODEC: TRUE  
[0.942s] -- Checking for module 'libavutil'
[0.952s] --   Found libavutil, version 58.29.100
[0.973s] -- Found AVUTIL: TRUE  
[0.974s] -- Searching for <gz-common5> component [events]
[0.975s] -- Looking for gz-common5-events -- found version 5.7.1
[0.975s] -- Searching for dependencies of gz-common5-events
[0.976s] -- Looking for gz-math7 -- found version 7.5.2
[0.976s] -- Searching for <gz-common5> component [graphics]
[0.978s] -- Looking for gz-common5-graphics -- found version 5.7.1
[0.978s] -- Searching for dependencies of gz-common5-graphics
[0.978s] -- Looking for gz-math7 -- found version 7.5.2
[0.984s] -- Found GzAssimp: TRUE (found version "5.3.0") 
[0.984s] -- Searching for <gz-common5> component [io]
[0.986s] -- Looking for gz-common5-io -- found version 5.7.1
[0.986s] -- Searching for dependencies of gz-common5-io
[0.986s] -- Searching for <gz-common5> component [profiler]
[0.988s] -- Looking for gz-common5-profiler -- found version 5.7.1
[0.988s] -- Searching for dependencies of gz-common5-profiler
[0.990s] -- Looking for gz-fuel_tools9 -- found version 9.1.1
[0.990s] -- Searching for dependencies of gz-fuel_tools9
[1.055s] -- Found CURL: /usr/lib/x86_64-linux-gnu/libcurl.so (found version "8.5.0")  
[1.064s] -- Checking for module 'jsoncpp'
[1.073s] --   Found jsoncpp, version 1.9.5
[1.094s] -- Found JSONCPP: TRUE  
[1.108s] -- Checking for module 'yaml-0.1'
[1.118s] --   Found yaml-0.1, version 0.2.5
[1.139s] -- Found YAML: TRUE  
[1.143s] -- Checking for module 'libzip'
[1.151s] --   Found libzip, version 1.7.3
[1.170s] -- Found ZIP: TRUE  
[1.170s] -- Looking for gz-utils2 -- found version 2.2.1
[1.170s] -- Looking for gz-common5 -- found version 5.7.1
[1.170s] -- Searching for dependencies of gz-common5
[1.171s] -- Looking for gz-utils2 -- found version 2.2.1
[1.171s] -- Looking for dlfcn.h - found
[1.171s] -- Looking for libdl - found
[1.175s] -- Searching for <gz-common5> component [testing]
[1.177s] -- Looking for gz-common5-testing -- found version 5.7.1
[1.177s] -- Searching for dependencies of gz-common5-testing
[1.177s] -- Looking for gz-math7 -- found version 7.5.2
[1.178s] -- Looking for gz-msgs10 -- found version 10.3.2
[1.179s] -- Looking for gz-gui8 -- found version 8.4.0
[1.179s] -- Searching for dependencies of gz-gui8
[1.196s] -- Looking for gz-utils2 -- found version 2.2.1
[1.196s] -- Looking for gz-math7 -- found version 7.5.2
[1.197s] -- Looking for gz-common5 -- found version 5.7.1
[1.197s] -- Looking for gz-plugin2 -- found version 2.0.4
[1.197s] -- Looking for gz-transport13 -- found version 13.4.1
[1.198s] -- Looking for gz-rendering8 -- found version 8.2.2
[1.198s] -- Searching for dependencies of gz-rendering8
[1.199s] -- Looking for gz-math7 -- found version 7.5.2
[1.199s] -- Searching for dependencies of gz-math7
[1.199s] -- Looking for gz-utils2 -- found version 2.2.1
[1.199s] -- Searching for <gz-math7> component [eigen3]
[1.200s] -- Looking for gz-math7-eigen3 -- found version 7.5.2
[1.200s] -- Searching for dependencies of gz-math7-eigen3
[1.207s] -- Looking for gz-common5 -- found version 5.7.1
[1.207s] -- Searching for dependencies of gz-common5
[1.208s] -- Looking for gz-utils2 -- found version 2.2.1
[1.208s] -- Looking for dlfcn.h - found
[1.208s] -- Looking for libdl - found
[1.212s] -- Searching for <gz-common5> component [graphics]
[1.212s] -- Searching for <gz-common5> component [events]
[1.212s] -- Searching for <gz-common5> component [geospatial]
[1.213s] -- Looking for gz-common5-geospatial -- found version 5.7.1
[1.213s] -- Searching for dependencies of gz-common5-geospatial
[1.214s] -- Looking for gz-math7 -- found version 7.5.2
[1.214s] -- Looking for gz-common5 -- found version 5.7.1
[1.215s] -- Looking for gz-plugin2 -- found version 2.0.4
[1.215s] -- Searching for dependencies of gz-plugin2
[1.215s] -- Looking for gz-utils2 -- found version 2.2.1
[1.215s] -- Searching for <gz-plugin2> component [all]
[1.216s] -- Looking for all libraries of gz-plugin2 -- found version 2.0.4
[1.216s] -- Looking for gz-plugin2 -- found version 2.0.4
[1.217s] -- Looking for gz-utils2 -- found version 2.2.1
[1.223s] -- Found OpenGL: /usr/lib/x86_64-linux-gnu/libOpenGL.so  found components: OpenGL 
[1.223s] -- Looking for gz-msgs10 -- found version 10.3.2
[1.238s] -- Looking for gz-physics7 -- found version 7.5.0
[1.238s] -- Searching for dependencies of gz-physics7
[1.238s] -- Looking for gz-common5 -- found version 5.7.1
[1.238s] -- Looking for gz-math7 -- found version 7.5.2
[1.238s] -- Looking for gz-plugin2 -- found version 2.0.4
[1.238s] -- Looking for gz-utils2 -- found version 2.2.1
[1.239s] -- Searching for <gz-physics7> component [heightmap]
[1.240s] -- Looking for gz-physics7-heightmap -- found version 7.5.0
[1.240s] -- Searching for dependencies of gz-physics7-heightmap
[1.240s] -- Looking for gz-common5 -- found version 5.7.1
[1.240s] -- Searching for <gz-physics7> component [mesh]
[1.241s] -- Looking for gz-physics7-mesh -- found version 7.5.0
[1.241s] -- Searching for dependencies of gz-physics7-mesh
[1.242s] -- Looking for gz-common5 -- found version 5.7.1
[1.242s] -- Searching for <gz-physics7> component [sdf]
[1.243s] -- Looking for gz-physics7-sdf -- found version 7.5.0
[1.243s] -- Searching for dependencies of gz-physics7-sdf
[1.243s] -- Looking for sdformat14 -- found version 14.7.0
[1.244s] -- Looking for gz-sensors8 -- found version 8.2.2
[1.244s] -- Searching for dependencies of gz-sensors8
[1.259s] -- Looking for gz-math7 -- found version 7.5.2
[1.259s] -- Looking for gz-common5 -- found version 5.7.1
[1.259s] -- Looking for gz-transport13 -- found version 13.4.1
[1.260s] -- Looking for gz-rendering8 -- found version 8.2.2
[1.260s] -- Looking for gz-msgs10 -- found version 10.3.2
[1.260s] -- Looking for sdformat14 -- found version 14.7.0
[1.261s] -- Searching for <gz-sensors8> component [air_pressure]
[1.261s] -- Looking for gz-sensors8-air_pressure -- found version 8.2.2
[1.261s] -- Searching for dependencies of gz-sensors8-air_pressure
[1.262s] -- Searching for <gz-sensors8> component [air_speed]
[1.262s] -- Looking for gz-sensors8-air_speed -- found version 8.2.2
[1.262s] -- Searching for dependencies of gz-sensors8-air_speed
[1.263s] -- Searching for <gz-sensors8> component [altimeter]
[1.263s] -- Looking for gz-sensors8-altimeter -- found version 8.2.2
[1.263s] -- Searching for dependencies of gz-sensors8-altimeter
[1.264s] -- Searching for <gz-sensors8> component [imu]
[1.264s] -- Looking for gz-sensors8-imu -- found version 8.2.2
[1.264s] -- Searching for dependencies of gz-sensors8-imu
[1.264s] -- Searching for <gz-sensors8> component [force_torque]
[1.265s] -- Looking for gz-sensors8-force_torque -- found version 8.2.2
[1.265s] -- Searching for dependencies of gz-sensors8-force_torque
[1.266s] -- Searching for <gz-sensors8> component [logical_camera]
[1.266s] -- Looking for gz-sensors8-logical_camera -- found version 8.2.2
[1.266s] -- Searching for dependencies of gz-sensors8-logical_camera
[1.267s] -- Searching for <gz-sensors8> component [magnetometer]
[1.267s] -- Looking for gz-sensors8-magnetometer -- found version 8.2.2
[1.267s] -- Searching for dependencies of gz-sensors8-magnetometer
[1.268s] -- Searching for <gz-sensors8> component [navsat]
[1.268s] -- Looking for gz-sensors8-navsat -- found version 8.2.2
[1.268s] -- Searching for dependencies of gz-sensors8-navsat
[1.269s] -- Searching for <gz-sensors8> component [dvl]
[1.269s] -- Looking for gz-sensors8-dvl -- found version 8.2.2
[1.269s] -- Searching for dependencies of gz-sensors8-dvl
[1.269s] -- Looking for gz-sensors8 -- found version 8.2.2
[1.270s] -- Searching for dependencies of gz-sensors8
[1.285s] -- Looking for gz-math7 -- found version 7.5.2
[1.286s] -- Looking for gz-common5 -- found version 5.7.1
[1.286s] -- Looking for gz-transport13 -- found version 13.4.1
[1.286s] -- Looking for gz-rendering8 -- found version 8.2.2
[1.286s] -- Looking for gz-msgs10 -- found version 10.3.2
[1.286s] -- Looking for sdformat14 -- found version 14.7.0
[1.287s] -- Searching for <gz-sensors8> component [rendering]
[1.287s] -- Looking for gz-sensors8-rendering -- found version 8.2.2
[1.287s] -- Searching for dependencies of gz-sensors8-rendering
[1.288s] -- Searching for <gz-sensors8> component [rendering]
[1.288s] -- Searching for <gz-sensors8> component [lidar]
[1.289s] -- Looking for gz-sensors8-lidar -- found version 8.2.2
[1.289s] -- Searching for dependencies of gz-sensors8-lidar
[1.289s] -- Looking for gz-sensors8 -- found version 8.2.2
[1.289s] -- Searching for <gz-sensors8> component [gpu_lidar]
[1.290s] -- Looking for gz-sensors8-gpu_lidar -- found version 8.2.2
[1.290s] -- Searching for dependencies of gz-sensors8-gpu_lidar
[1.290s] -- Looking for gz-sensors8 -- found version 8.2.2
[1.291s] -- Searching for <gz-sensors8> component [camera]
[1.291s] -- Looking for gz-sensors8-camera -- found version 8.2.2
[1.291s] -- Searching for dependencies of gz-sensors8-camera
[1.292s] -- Looking for gz-sensors8 -- found version 8.2.2
[1.292s] -- Searching for <gz-sensors8> component [boundingbox_camera]
[1.293s] -- Looking for gz-sensors8-boundingbox_camera -- found version 8.2.2
[1.293s] -- Searching for dependencies of gz-sensors8-boundingbox_camera
[1.293s] -- Searching for <gz-sensors8> component [segmentation_camera]
[1.294s] -- Looking for gz-sensors8-segmentation_camera -- found version 8.2.2
[1.294s] -- Searching for dependencies of gz-sensors8-segmentation_camera
[1.294s] -- Searching for <gz-sensors8> component [depth_camera]
[1.295s] -- Looking for gz-sensors8-depth_camera -- found version 8.2.2
[1.295s] -- Searching for dependencies of gz-sensors8-depth_camera
[1.295s] -- Looking for gz-sensors8 -- found version 8.2.2
[1.295s] -- Searching for <gz-sensors8> component [rgbd_camera]
[1.296s] -- Looking for gz-sensors8-rgbd_camera -- found version 8.2.2
[1.296s] -- Searching for dependencies of gz-sensors8-rgbd_camera
[1.296s] -- Looking for gz-sensors8 -- found version 8.2.2
[1.297s] -- Searching for <gz-sensors8> component [thermal_camera]
[1.297s] -- Looking for gz-sensors8-thermal_camera -- found version 8.2.2
[1.298s] -- Searching for dependencies of gz-sensors8-thermal_camera
[1.298s] -- Looking for gz-sensors8 -- found version 8.2.2
[1.298s] -- Searching for <gz-sensors8> component [wide_angle_camera]
[1.299s] -- Looking for gz-sensors8-wide_angle_camera -- found version 8.2.2
[1.299s] -- Searching for dependencies of gz-sensors8-wide_angle_camera
[1.300s] -- Looking for gz-rendering8 -- found version 8.2.2
[1.300s] -- Looking for gz-math7 -- found version 7.5.2
[1.300s] -- Looking for gz-utils2 -- found version 2.2.1
[1.317s] -- Configuring done (1.2s)
[1.323s] -- Generating done (0.0s)
[1.325s] -- Build files have been written to: /root/data/ros2_ws/build/pose_publisher_plugin
[1.331s] Invoked command in '/root/data/ros2_ws/build/pose_publisher_plugin' returned '0': /usr/bin/cmake /root/data/ros2_ws/src/pose_publisher_plugin -DCMAKE_INSTALL_PREFIX=/root/data/ros2_ws/install/pose_publisher_plugin
[1.332s] Invoking command in '/root/data/ros2_ws/build/pose_publisher_plugin': /usr/bin/cmake --build /root/data/ros2_ws/build/pose_publisher_plugin -- -j20 -l20
[1.360s] [ 50%] [32mBuilding CXX object CMakeFiles/pose_publisher.dir/PosePublisher.cpp.o[0m
[1.567s] [01m[K/root/data/ros2_ws/src/pose_publisher_plugin/PosePublisher.cpp:5:10:[m[K [01;31m[Kfatal error: [m[Kgz/sim/util.hh: No such file or directory
[1.568s]     5 | #include [01;31m[K<gz/sim/util.hh>[m[K
[1.568s]       |          [01;31m[K^~~~~~~~~~~~~~~~[m[K
[1.568s] compilation terminated.
[1.569s] gmake[2]: *** [CMakeFiles/pose_publisher.dir/build.make:76: CMakeFiles/pose_publisher.dir/PosePublisher.cpp.o] Error 1
[1.569s] gmake[1]: *** [CMakeFiles/Makefile2:83: CMakeFiles/pose_publisher.dir/all] Error 2
[1.570s] gmake: *** [Makefile:91: all] Error 2
[1.571s] Invoked command in '/root/data/ros2_ws/build/pose_publisher_plugin' returned '2': /usr/bin/cmake --build /root/data/ros2_ws/build/pose_publisher_plugin -- -j20 -l20
