[0.569s] Invoking command in '/root/data/ros2_ws/src/multirobot_spawn': PYTHONPATH=/root/data/ros2_ws/build/multirobot_spawn/prefix_override:/usr/lib/python3/dist-packages/colcon_core/task/python/colcon_distutils_commands:/root/data/ros2_ws/install/multirobot_spawn/lib/python3.12/site-packages:${PYTHONPATH} /usr/bin/python3 -W ignore:setup.py install is deprecated -W ignore:easy_install command is deprecated setup.py egg_info --egg-base ../../build/multirobot_spawn build --build-base /root/data/ros2_ws/build/multirobot_spawn/build install --record /root/data/ros2_ws/build/multirobot_spawn/install.log --single-version-externally-managed install_data
[0.720s] running egg_info
[0.730s] writing ../../build/multirobot_spawn/multirobot_spawn.egg-info/PKG-INFO
[0.730s] writing dependency_links to ../../build/multirobot_spawn/multirobot_spawn.egg-info/dependency_links.txt
[0.730s] writing requirements to ../../build/multirobot_spawn/multirobot_spawn.egg-info/requires.txt
[0.731s] writing top-level names to ../../build/multirobot_spawn/multirobot_spawn.egg-info/top_level.txt
[0.751s] reading manifest file '../../build/multirobot_spawn/multirobot_spawn.egg-info/SOURCES.txt'
[0.751s] writing manifest file '../../build/multirobot_spawn/multirobot_spawn.egg-info/SOURCES.txt'
[0.752s] running build
[0.752s] running build_py
[0.752s] running install
[0.756s] running install_lib
[0.766s] running install_data
[0.766s] copying launch/multi_robot_spawn.launch.py -> /root/data/ros2_ws/install/multirobot_spawn/share/multirobot_spawn/launch
[0.767s] running install_egg_info
[0.778s] removing '/root/data/ros2_ws/install/multirobot_spawn/lib/python3.12/site-packages/multirobot_spawn-0.0.1-py3.12.egg-info' (and everything under it)
[0.778s] Copying ../../build/multirobot_spawn/multirobot_spawn.egg-info to /root/data/ros2_ws/install/multirobot_spawn/lib/python3.12/site-packages/multirobot_spawn-0.0.1-py3.12.egg-info
[0.778s] running install_scripts
[0.852s] writing list of installed files to '/root/data/ros2_ws/build/multirobot_spawn/install.log'
[0.875s] Invoked command in '/root/data/ros2_ws/src/multirobot_spawn' returned '0': PYTHONPATH=/root/data/ros2_ws/build/multirobot_spawn/prefix_override:/usr/lib/python3/dist-packages/colcon_core/task/python/colcon_distutils_commands:/root/data/ros2_ws/install/multirobot_spawn/lib/python3.12/site-packages:${PYTHONPATH} /usr/bin/python3 -W ignore:setup.py install is deprecated -W ignore:easy_install command is deprecated setup.py egg_info --egg-base ../../build/multirobot_spawn build --build-base /root/data/ros2_ws/build/multirobot_spawn/build install --record /root/data/ros2_ws/build/multirobot_spawn/install.log --single-version-externally-managed install_data
