[0.018s] Invoking command in '/root/data/ros2_ws/build/ionic_demo': CMAKE_PREFIX_PATH=${CMAKE_PREFIX_PATH}:/root/data/ros2_ws/install/spawn_osoyoo:/root/data/ros2_ws/install/multirobot_spawn:/opt/ros/jazzy /usr/bin/cmake /root/data/ros2_ws/src/ionic_demo/ionic_demo -DCMAKE_INSTALL_PREFIX=/root/data/ros2_ws/install/ionic_demo
[0.223s] -- The C compiler identification is GNU 13.3.0
[0.273s] -- The CXX compiler identification is GNU 13.3.0
[0.293s] -- Detecting C compiler ABI info
[0.384s] -- Detecting C compiler ABI info - done
[0.398s] -- Check for working C compiler: /usr/bin/cc - skipped
[0.398s] -- Detecting C compile features
[0.399s] -- Detecting C compile features - done
[0.409s] -- Detecting CXX compiler ABI info
[0.510s] -- Detecting CXX compiler ABI info - done
[0.519s] -- Check for working CXX compiler: /usr/bin/c++ - skipped
[0.519s] -- Detecting CXX compile features
[0.520s] -- Detecting CXX compile features - done
[0.532s] -- Found ament_cmake: 2.5.4 (/opt/ros/jazzy/share/ament_cmake/cmake)
[0.737s] -- Found Python3: /usr/bin/python3 (found version "3.12.3") found components: Interpreter 
[0.943s] -- Found ament_lint_auto: 0.17.2 (/opt/ros/jazzy/share/ament_lint_auto/cmake)
[1.109s] -- Added test 'cppcheck' to perform static code analysis on C / C++ code
[1.110s] -- Configured cppcheck include dirs: 
[1.110s] -- Configured cppcheck exclude dirs and/or files: 
[1.111s] -- Added test 'flake8' to check Python code syntax and style conventions
[1.111s] -- Configured 'flake8' exclude dirs and/or files: 
[1.113s] -- Added test 'lint_cmake' to check CMake code style
[1.114s] -- Added test 'pep257' to check Python code against some of the docstring style conventions in PEP 257
[1.117s] -- Added test 'uncrustify' to check C / C++ code style
[1.117s] -- Configured uncrustify additional arguments: 
[1.118s] -- Added test 'xmllint' to check XML markup files
[1.121s] -- Configuring done (1.1s)
[1.124s] -- Generating done (0.0s)
[1.126s] -- Build files have been written to: /root/data/ros2_ws/build/ionic_demo
[1.131s] Invoked command in '/root/data/ros2_ws/build/ionic_demo' returned '0': CMAKE_PREFIX_PATH=${CMAKE_PREFIX_PATH}:/root/data/ros2_ws/install/spawn_osoyoo:/root/data/ros2_ws/install/multirobot_spawn:/opt/ros/jazzy /usr/bin/cmake /root/data/ros2_ws/src/ionic_demo/ionic_demo -DCMAKE_INSTALL_PREFIX=/root/data/ros2_ws/install/ionic_demo
[1.133s] Invoking command in '/root/data/ros2_ws/build/ionic_demo': CMAKE_PREFIX_PATH=${CMAKE_PREFIX_PATH}:/root/data/ros2_ws/install/spawn_osoyoo:/root/data/ros2_ws/install/multirobot_spawn:/opt/ros/jazzy /usr/bin/cmake --build /root/data/ros2_ws/build/ionic_demo -- -j20 -l20
[1.174s] Invoked command in '/root/data/ros2_ws/build/ionic_demo' returned '0': CMAKE_PREFIX_PATH=${CMAKE_PREFIX_PATH}:/root/data/ros2_ws/install/spawn_osoyoo:/root/data/ros2_ws/install/multirobot_spawn:/opt/ros/jazzy /usr/bin/cmake --build /root/data/ros2_ws/build/ionic_demo -- -j20 -l20
[1.185s] Invoking command in '/root/data/ros2_ws/build/ionic_demo': CMAKE_PREFIX_PATH=${CMAKE_PREFIX_PATH}:/root/data/ros2_ws/install/spawn_osoyoo:/root/data/ros2_ws/install/multirobot_spawn:/opt/ros/jazzy /usr/bin/cmake --install /root/data/ros2_ws/build/ionic_demo
[1.194s] -- Install configuration: ""
[1.195s] -- Installing: /root/data/ros2_ws/install/ionic_demo/share/ionic_demo/configs
[1.195s] -- Installing: /root/data/ros2_ws/install/ionic_demo/share/ionic_demo/configs/tb4_camera_bridge.yaml
[1.195s] -- Installing: /root/data/ros2_ws/install/ionic_demo/share/ionic_demo/configs/nav2.rviz
[1.195s] -- Installing: /root/data/ros2_ws/install/ionic_demo/share/ionic_demo/launch
[1.195s] -- Installing: /root/data/ros2_ws/install/ionic_demo/share/ionic_demo/launch/world_launch.py
[1.195s] -- Installing: /root/data/ros2_ws/install/ionic_demo/share/ionic_demo/launch/ionic_rmf_demo_launch.py
[1.196s] -- Installing: /root/data/ros2_ws/install/ionic_demo/share/ionic_demo/launch/tb4_spawn_launch.py
[1.196s] -- Installing: /root/data/ros2_ws/install/ionic_demo/share/ionic_demo/launch/ionic_moveit_demo_launch.py
[1.196s] -- Installing: /root/data/ros2_ws/install/ionic_demo/share/ionic_demo/launch/ionic_navigation_demo_launch.xml
[1.196s] -- Installing: /root/data/ros2_ws/install/ionic_demo/share/ionic_demo/launch/ionic_navigation_demo_launch.py
[1.196s] -- Installing: /root/data/ros2_ws/install/ionic_demo/share/ionic_demo/launch/tb4_spawn_launch.xml
[1.196s] -- Installing: /root/data/ros2_ws/install/ionic_demo/share/ionic_demo/launch/world_launch.xml
[1.197s] -- Installing: /root/data/ros2_ws/install/ionic_demo/share/ionic_demo/maps
[1.197s] -- Installing: /root/data/ros2_ws/install/ionic_demo/share/ionic_demo/maps/ionic_demo.yaml
[1.197s] -- Installing: /root/data/ros2_ws/install/ionic_demo/share/ionic_demo/maps/ionic_demo.pgm
[1.197s] -- Installing: /root/data/ros2_ws/install/ionic_demo/share/ionic_demo/worlds
[1.197s] -- Installing: /root/data/ros2_ws/install/ionic_demo/share/ionic_demo/worlds/ionic.sdf
[1.197s] -- Installing: /root/data/ros2_ws/install/ionic_demo/share/ionic_demo/models
[1.198s] -- Installing: /root/data/ros2_ws/install/ionic_demo/share/ionic_demo/models/ionic_tb4.urdf.xacro
[1.198s] -- Installing: /root/data/ros2_ws/install/ionic_demo/share/ionic_demo/rviz
[1.198s] -- Installing: /root/data/ros2_ws/install/ionic_demo/share/ionic_demo/rviz/nav2_default_view.rviz
[1.198s] -- Installing: /root/data/ros2_ws/install/ionic_demo/share/ionic_demo/params
[1.198s] -- Installing: /root/data/ros2_ws/install/ionic_demo/share/ionic_demo/params/nav2_params.yaml
[1.198s] -- Installing: /root/data/ros2_ws/install/ionic_demo/share/ionic_demo/environment/ionic_demo.dsv
[1.198s] -- Installing: /root/data/ros2_ws/install/ionic_demo/share/ament_index/resource_index/package_run_dependencies/ionic_demo
[1.198s] -- Installing: /root/data/ros2_ws/install/ionic_demo/share/ament_index/resource_index/parent_prefix_path/ionic_demo
[1.199s] -- Installing: /root/data/ros2_ws/install/ionic_demo/share/ionic_demo/environment/ament_prefix_path.sh
[1.199s] -- Installing: /root/data/ros2_ws/install/ionic_demo/share/ionic_demo/environment/ament_prefix_path.dsv
[1.199s] -- Installing: /root/data/ros2_ws/install/ionic_demo/share/ionic_demo/environment/path.sh
[1.199s] -- Installing: /root/data/ros2_ws/install/ionic_demo/share/ionic_demo/environment/path.dsv
[1.199s] -- Installing: /root/data/ros2_ws/install/ionic_demo/share/ionic_demo/local_setup.bash
[1.199s] -- Installing: /root/data/ros2_ws/install/ionic_demo/share/ionic_demo/local_setup.sh
[1.200s] -- Installing: /root/data/ros2_ws/install/ionic_demo/share/ionic_demo/local_setup.zsh
[1.200s] -- Installing: /root/data/ros2_ws/install/ionic_demo/share/ionic_demo/local_setup.dsv
[1.200s] -- Installing: /root/data/ros2_ws/install/ionic_demo/share/ionic_demo/package.dsv
[1.201s] -- Installing: /root/data/ros2_ws/install/ionic_demo/share/ament_index/resource_index/packages/ionic_demo
[1.201s] -- Installing: /root/data/ros2_ws/install/ionic_demo/share/ionic_demo/cmake/ionic_demoConfig.cmake
[1.201s] -- Installing: /root/data/ros2_ws/install/ionic_demo/share/ionic_demo/cmake/ionic_demoConfig-version.cmake
[1.201s] -- Installing: /root/data/ros2_ws/install/ionic_demo/share/ionic_demo/package.xml
[1.202s] Invoked command in '/root/data/ros2_ws/build/ionic_demo' returned '0': CMAKE_PREFIX_PATH=${CMAKE_PREFIX_PATH}:/root/data/ros2_ws/install/spawn_osoyoo:/root/data/ros2_ws/install/multirobot_spawn:/opt/ros/jazzy /usr/bin/cmake --install /root/data/ros2_ws/build/ionic_demo
