[0.711s] Invoking command in '/root/data/ros2_ws/src/spawn_osoyoo': PYTHONPATH=/root/data/ros2_ws/build/spawn_osoyoo/prefix_override:/usr/lib/python3/dist-packages/colcon_core/task/python/colcon_distutils_commands:/root/data/ros2_ws/install/spawn_osoyoo/lib/python3.12/site-packages:${PYTHONPATH} /usr/bin/python3 -W ignore:setup.py install is deprecated -W ignore:easy_install command is deprecated setup.py egg_info --egg-base ../../build/spawn_osoyoo build --build-base /root/data/ros2_ws/build/spawn_osoyoo/build install --record /root/data/ros2_ws/build/spawn_osoyoo/install.log --single-version-externally-managed install_data
[0.908s] running egg_info
[0.908s] creating ../../build/spawn_osoyoo/spawn_osoyoo.egg-info
[0.920s] writing ../../build/spawn_osoyoo/spawn_osoyoo.egg-info/PKG-INFO
[0.920s] writing dependency_links to ../../build/spawn_osoyoo/spawn_osoyoo.egg-info/dependency_links.txt
[0.920s] writing entry points to ../../build/spawn_osoyoo/spawn_osoyoo.egg-info/entry_points.txt
[0.920s] writing requirements to ../../build/spawn_osoyoo/spawn_osoyoo.egg-info/requires.txt
[0.920s] writing top-level names to ../../build/spawn_osoyoo/spawn_osoyoo.egg-info/top_level.txt
[0.920s] writing manifest file '../../build/spawn_osoyoo/spawn_osoyoo.egg-info/SOURCES.txt'
[0.945s] reading manifest file '../../build/spawn_osoyoo/spawn_osoyoo.egg-info/SOURCES.txt'
[0.945s] writing manifest file '../../build/spawn_osoyoo/spawn_osoyoo.egg-info/SOURCES.txt'
[0.945s] running build
[0.946s] running build_py
[0.946s] creating /root/data/ros2_ws/build/spawn_osoyoo/build
[0.946s] creating /root/data/ros2_ws/build/spawn_osoyoo/build/lib
[0.946s] creating /root/data/ros2_ws/build/spawn_osoyoo/build/lib/spawn_osoyoo
[0.946s] copying spawn_osoyoo/__init__.py -> /root/data/ros2_ws/build/spawn_osoyoo/build/lib/spawn_osoyoo
[0.946s] copying spawn_osoyoo/spawn_robot_node.py -> /root/data/ros2_ws/build/spawn_osoyoo/build/lib/spawn_osoyoo
[0.946s] running install
[0.951s] running install_lib
[0.962s] creating /root/data/ros2_ws/install/spawn_osoyoo/lib/python3.12/site-packages/spawn_osoyoo
[0.962s] copying /root/data/ros2_ws/build/spawn_osoyoo/build/lib/spawn_osoyoo/__init__.py -> /root/data/ros2_ws/install/spawn_osoyoo/lib/python3.12/site-packages/spawn_osoyoo
[0.962s] copying /root/data/ros2_ws/build/spawn_osoyoo/build/lib/spawn_osoyoo/spawn_robot_node.py -> /root/data/ros2_ws/install/spawn_osoyoo/lib/python3.12/site-packages/spawn_osoyoo
[0.962s] byte-compiling /root/data/ros2_ws/install/spawn_osoyoo/lib/python3.12/site-packages/spawn_osoyoo/__init__.py to __init__.cpython-312.pyc
[0.962s] byte-compiling /root/data/ros2_ws/install/spawn_osoyoo/lib/python3.12/site-packages/spawn_osoyoo/spawn_robot_node.py to spawn_robot_node.cpython-312.pyc
[0.963s] running install_data
[0.963s] creating /root/data/ros2_ws/install/spawn_osoyoo/share/ament_index
[0.963s] creating /root/data/ros2_ws/install/spawn_osoyoo/share/ament_index/resource_index
[0.963s] creating /root/data/ros2_ws/install/spawn_osoyoo/share/ament_index/resource_index/packages
[0.963s] copying resource/spawn_osoyoo -> /root/data/ros2_ws/install/spawn_osoyoo/share/ament_index/resource_index/packages
[0.963s] copying package.xml -> /root/data/ros2_ws/install/spawn_osoyoo/share/spawn_osoyoo
[0.963s] creating /root/data/ros2_ws/install/spawn_osoyoo/share/spawn_osoyoo/launch
[0.963s] copying launch/spawn_robots.launch.py -> /root/data/ros2_ws/install/spawn_osoyoo/share/spawn_osoyoo/launch
[0.964s] running install_egg_info
[0.976s] Copying ../../build/spawn_osoyoo/spawn_osoyoo.egg-info to /root/data/ros2_ws/install/spawn_osoyoo/lib/python3.12/site-packages/spawn_osoyoo-0.0.0-py3.12.egg-info
[0.977s] running install_scripts
[1.061s] Installing spawn_robot_node script to /root/data/ros2_ws/install/spawn_osoyoo/lib/spawn_osoyoo
[1.062s] writing list of installed files to '/root/data/ros2_ws/build/spawn_osoyoo/install.log'
[1.086s] Invoked command in '/root/data/ros2_ws/src/spawn_osoyoo' returned '0': PYTHONPATH=/root/data/ros2_ws/build/spawn_osoyoo/prefix_override:/usr/lib/python3/dist-packages/colcon_core/task/python/colcon_distutils_commands:/root/data/ros2_ws/install/spawn_osoyoo/lib/python3.12/site-packages:${PYTHONPATH} /usr/bin/python3 -W ignore:setup.py install is deprecated -W ignore:easy_install command is deprecated setup.py egg_info --egg-base ../../build/spawn_osoyoo build --build-base /root/data/ros2_ws/build/spawn_osoyoo/build install --record /root/data/ros2_ws/build/spawn_osoyoo/install.log --single-version-externally-managed install_data
