[0.159s] Invoking command in '/root/data/ros2_ws/build/nav2_minimal_tb3_sim': CMAKE_PREFIX_PATH=${CMAKE_PREFIX_PATH}:/root/data/ros2_ws/install/spawn_osoyoo:/root/data/ros2_ws/install/multirobot_spawn:/opt/ros/jazzy /usr/bin/cmake /root/data/ros2_ws/src/nav2_minimal_turtlebot_simulation/nav2_minimal_tb3_sim -DCMAKE_INSTALL_PREFIX=/root/data/ros2_ws/install/nav2_minimal_tb3_sim
[0.205s] -- The C compiler identification is GNU 13.3.0
[0.249s] -- The CXX compiler identification is GNU 13.3.0
[0.261s] -- Detecting C compiler ABI info
[0.324s] -- Detecting C compiler ABI info - done
[0.331s] -- Check for working C compiler: /usr/bin/cc - skipped
[0.331s] -- Detecting C compile features
[0.331s] -- Detecting C compile features - done
[0.339s] -- Detecting CXX compiler ABI info
[0.409s] -- Detecting CXX compiler ABI info - done
[0.417s] -- Check for working CXX compiler: /usr/bin/c++ - skipped
[0.417s] -- Detecting CXX compile features
[0.418s] -- Detecting CXX compile features - done
[0.421s] -- Found ament_cmake: 2.5.4 (/opt/ros/jazzy/share/ament_cmake/cmake)
[0.530s] -- Found Python3: /usr/bin/python3 (found version "3.12.3") found components: Interpreter 
[0.626s] -- Found ament_lint_auto: 0.17.2 (/opt/ros/jazzy/share/ament_lint_auto/cmake)
[0.710s] -- Added test 'copyright' to check source files copyright and LICENSE
[0.713s] -- Added test 'flake8' to check Python code syntax and style conventions
[0.713s] -- Configured 'flake8' exclude dirs and/or files: 
[0.714s] -- Added test 'lint_cmake' to check CMake code style
[0.715s] -- Added test 'pep257' to check Python code against some of the docstring style conventions in PEP 257
[0.717s] -- Added test 'xmllint' to check XML markup files
[0.719s] -- Configuring done (0.6s)
[0.722s] -- Generating done (0.0s)
[0.723s] -- Build files have been written to: /root/data/ros2_ws/build/nav2_minimal_tb3_sim
