[1.292s] Invoking command in '/root/data/ros2_ws/src/multirobot_spawn': PYTHONPATH=/root/data/ros2_ws/build/multirobot_spawn/prefix_override:/usr/lib/python3/dist-packages/colcon_core/task/python/colcon_distutils_commands:/root/data/ros2_ws/install/multirobot_spawn/lib/python3.12/site-packages:${PYTHONPATH} /usr/bin/python3 -W ignore:setup.py install is deprecated -W ignore:easy_install command is deprecated setup.py egg_info --egg-base ../../build/multirobot_spawn build --build-base /root/data/ros2_ws/build/multirobot_spawn/build install --record /root/data/ros2_ws/build/multirobot_spawn/install.log --single-version-externally-managed install_data
[1.608s] running egg_info
[1.630s] writing ../../build/multirobot_spawn/multirobot_spawn.egg-info/PKG-INFO
[1.630s] writing dependency_links to ../../build/multirobot_spawn/multirobot_spawn.egg-info/dependency_links.txt
[1.630s] writing requirements to ../../build/multirobot_spawn/multirobot_spawn.egg-info/requires.txt
[1.630s] writing top-level names to ../../build/multirobot_spawn/multirobot_spawn.egg-info/top_level.txt
[1.673s] reading manifest file '../../build/multirobot_spawn/multirobot_spawn.egg-info/SOURCES.txt'
[1.674s] writing manifest file '../../build/multirobot_spawn/multirobot_spawn.egg-info/SOURCES.txt'
[1.674s] running build
[1.674s] running build_py
[1.674s] running install
[1.684s] running install_lib
[1.705s] running install_data
[1.706s] copying launch/multi_robot_spawn.launch.py -> /root/data/ros2_ws/install/multirobot_spawn/share/multirobot_spawn/launch
[1.706s] running install_egg_info
[1.730s] removing '/root/data/ros2_ws/install/multirobot_spawn/lib/python3.12/site-packages/multirobot_spawn-0.0.1-py3.12.egg-info' (and everything under it)
[1.730s] Copying ../../build/multirobot_spawn/multirobot_spawn.egg-info to /root/data/ros2_ws/install/multirobot_spawn/lib/python3.12/site-packages/multirobot_spawn-0.0.1-py3.12.egg-info
[1.731s] running install_scripts
[1.885s] writing list of installed files to '/root/data/ros2_ws/build/multirobot_spawn/install.log'
[1.934s] Invoked command in '/root/data/ros2_ws/src/multirobot_spawn' returned '0': PYTHONPATH=/root/data/ros2_ws/build/multirobot_spawn/prefix_override:/usr/lib/python3/dist-packages/colcon_core/task/python/colcon_distutils_commands:/root/data/ros2_ws/install/multirobot_spawn/lib/python3.12/site-packages:${PYTHONPATH} /usr/bin/python3 -W ignore:setup.py install is deprecated -W ignore:easy_install command is deprecated setup.py egg_info --egg-base ../../build/multirobot_spawn build --build-base /root/data/ros2_ws/build/multirobot_spawn/build install --record /root/data/ros2_ws/build/multirobot_spawn/install.log --single-version-externally-managed install_data
