[0.705s] Invoking command in '/root/data/ros2_ws/src/multirobot_spawn': PYTHONPATH=/root/data/ros2_ws/build/multirobot_spawn/prefix_override:/usr/lib/python3/dist-packages/colcon_core/task/python/colcon_distutils_commands:/root/data/ros2_ws/install/multirobot_spawn/lib/python3.12/site-packages:${PYTHONPATH} /usr/bin/python3 -W ignore:setup.py install is deprecated -W ignore:easy_install command is deprecated setup.py egg_info --egg-base ../../build/multirobot_spawn build --build-base /root/data/ros2_ws/build/multirobot_spawn/build install --record /root/data/ros2_ws/build/multirobot_spawn/install.log --single-version-externally-managed install_data
[0.902s] running egg_info
[0.903s] creating ../../build/multirobot_spawn/multirobot_spawn.egg-info
[0.915s] writing ../../build/multirobot_spawn/multirobot_spawn.egg-info/PKG-INFO
[0.915s] writing dependency_links to ../../build/multirobot_spawn/multirobot_spawn.egg-info/dependency_links.txt
[0.915s] writing requirements to ../../build/multirobot_spawn/multirobot_spawn.egg-info/requires.txt
[0.915s] writing top-level names to ../../build/multirobot_spawn/multirobot_spawn.egg-info/top_level.txt
[0.915s] writing manifest file '../../build/multirobot_spawn/multirobot_spawn.egg-info/SOURCES.txt'
[0.940s] reading manifest file '../../build/multirobot_spawn/multirobot_spawn.egg-info/SOURCES.txt'
[0.941s] writing manifest file '../../build/multirobot_spawn/multirobot_spawn.egg-info/SOURCES.txt'
[0.941s] running build
[0.941s] running build_py
[0.941s] creating /root/data/ros2_ws/build/multirobot_spawn/build
[0.941s] creating /root/data/ros2_ws/build/multirobot_spawn/build/lib
[0.941s] creating /root/data/ros2_ws/build/multirobot_spawn/build/lib/multirobot_spawn
[0.941s] copying multirobot_spawn/__init__.py -> /root/data/ros2_ws/build/multirobot_spawn/build/lib/multirobot_spawn
[0.941s] running install
[0.946s] running install_lib
[0.960s] creating /root/data/ros2_ws/install/multirobot_spawn/lib/python3.12/site-packages/multirobot_spawn
[0.960s] copying /root/data/ros2_ws/build/multirobot_spawn/build/lib/multirobot_spawn/__init__.py -> /root/data/ros2_ws/install/multirobot_spawn/lib/python3.12/site-packages/multirobot_spawn
[0.961s] byte-compiling /root/data/ros2_ws/install/multirobot_spawn/lib/python3.12/site-packages/multirobot_spawn/__init__.py to __init__.cpython-312.pyc
[0.961s] running install_data
[0.961s] creating /root/data/ros2_ws/install/multirobot_spawn/share/ament_index
[0.961s] creating /root/data/ros2_ws/install/multirobot_spawn/share/ament_index/resource_index
[0.961s] creating /root/data/ros2_ws/install/multirobot_spawn/share/ament_index/resource_index/packages
[0.961s] copying resource/multirobot_spawn -> /root/data/ros2_ws/install/multirobot_spawn/share/ament_index/resource_index/packages
[0.961s] copying package.xml -> /root/data/ros2_ws/install/multirobot_spawn/share/multirobot_spawn
[0.962s] creating /root/data/ros2_ws/install/multirobot_spawn/share/multirobot_spawn/launch
[0.962s] copying launch/multi_robot_spawn.launch.py -> /root/data/ros2_ws/install/multirobot_spawn/share/multirobot_spawn/launch
[0.962s] running install_egg_info
[0.974s] Copying ../../build/multirobot_spawn/multirobot_spawn.egg-info to /root/data/ros2_ws/install/multirobot_spawn/lib/python3.12/site-packages/multirobot_spawn-0.0.1-py3.12.egg-info
[0.974s] running install_scripts
[1.063s] writing list of installed files to '/root/data/ros2_ws/build/multirobot_spawn/install.log'
[1.084s] Invoked command in '/root/data/ros2_ws/src/multirobot_spawn' returned '0': PYTHONPATH=/root/data/ros2_ws/build/multirobot_spawn/prefix_override:/usr/lib/python3/dist-packages/colcon_core/task/python/colcon_distutils_commands:/root/data/ros2_ws/install/multirobot_spawn/lib/python3.12/site-packages:${PYTHONPATH} /usr/bin/python3 -W ignore:setup.py install is deprecated -W ignore:easy_install command is deprecated setup.py egg_info --egg-base ../../build/multirobot_spawn build --build-base /root/data/ros2_ws/build/multirobot_spawn/build install --record /root/data/ros2_ws/build/multirobot_spawn/install.log --single-version-externally-managed install_data
